<?xml version="1.0" encoding="UTF-8"?>
<!-- Generated by org.testng.reporters.JUnitReportReporter -->
<testsuite hostname="Satikants-MacBook-Air.local" failures="0" tests="2" name="com.Mobile.TestScripts.MobileScript" time="63.200" errors="0" timestamp="2023-04-24T18:56:03 IST" skipped="0">
  <testcase classname="com.Mobile.TestScripts.MobileScript" name="AppLogin" time="20.323"/>
  <system-out/>
  <testcase classname="com.Mobile.TestScripts.MobileScript" name="Applaunch" time="42.877"/>
  <system-out/>
</testsuite> <!-- com.Mobile.TestScripts.MobileScript -->
