<?xml version="1.0" encoding="UTF-8"?>
<!-- Generated by org.testng.reporters.JUnitReportReporter -->
<testsuite hostname="Satikants-MacBook-Air.local" failures="0" tests="2" name="tests.LoginTests" time="11.479" errors="0" timestamp="2023-04-16T22:43:48 IST" skipped="0">
  <testcase classname="tests.LoginTests" name="samplecheck" time="6.694"/>
  <system-out/>
  <testcase classname="tests.LoginTests" name="samplecheck12344" time="4.785"/>
  <system-out/>
</testsuite> <!-- tests.LoginTests -->
